<?xml version="1.0" encoding="UTF-8" ?>
<testsuite errors="0" failures="0" hostname="Manav-Mac.local" name="edu.duke.cabig.c3pr.grid.C3PRStudyConsumerImplTest" tests="1" time="1.227" timestamp="2007-10-11T03:09:06">
  <properties>
    <property name="file.encoding.pkg" value="sun.io" />
    <property name="env.JPDA_TRANSPORT" value="dt_socket" />
    <property name="java.home" value="/System/Library/Frameworks/JavaVM.framework/Versions/1.5.0/Home" />
    <property name="test.src.dir" value="test/src" />
    <property name="env.SECURITYSESSIONID" value="cab880" />
    <property name="java.endorsed.dirs" value="/System/Library/Frameworks/JavaVM.framework/Versions/1.5.0/Home/lib/endorsed" />
    <property name="env.LOGNAME" value="kherm" />
    <property name="src.dir" value="src" />
    <property name="ext.globus.dir" value="/Users/kherm/dev/globus" />
    <property name="sun.os.patch.level" value="unknown" />
    <property name="java.vendor.url" value="http://apple.com/" />
    <property name="env.TERM_PROGRAM_VERSION" value="133" />
    <property name="java.version" value="1.5.0_07" />
    <property name="ant.file.Developer Modified Build File" value="/Users/kherm/dev/cvsroot/c3prv2/codebase/projects/grid/C3PRStudyConsumer/dev-build.xml" />
    <property name="env.JAVA_MAIN_CLASS_8112" value="org.apache.tools.ant.launch.Launcher" />
    <property name="jikes.class.path" value=":/Library/Java/Home/../Classes/charsets.jar:/Library/Java/Home/../Classes/classes.jar:/Library/Java/Home/../Classes/dt.jar:/Library/Java/Home/../Classes/jce.jar:/Library/Java/Home/../Classes/jconsole.jar:/Library/Java/Home/../Classes/jsse.jar:/Library/Java/Home/../Classes/laf.jar:/Library/Java/Home/../Classes/ui.jar" />
    <property name="java.vendor.url.bug" value="http://developer.apple.com/java/" />
    <property name="javadoc.dir" value="/Users/kherm/dev/cvsroot/c3prv2/codebase/projects/grid/C3PRStudyConsumer/build/javadoc" />
    <property name="introduce.skeleton.namespace.domain" value="http://grid.c3pr.cabig.duke.edu/C3PRStudyConsumer" />
    <property name="test.lib.dir" value="test/lib" />
    <property name="introduce.ns.excludes" value=" -x gme://caGrid.caBIG/1.0/gov.nih.nci.cagrid.metadata.service -x gme://caGrid.caBIG/1.0/gov.nih.nci.cagrid.metadata -x gme://caGrid.caBIG/1.0/gov.nih.nci.cagrid.metadata.security -x gme://caGrid.caBIG/1.0/gov.nih.nci.cagrid.metadata.common" />
    <property name="user.name" value="kherm" />
    <property name="env.CVS_RSH" value="ssh" />
    <property name="ext.dir" value="ext" />
    <property name="sun.io.unicode.encoding" value="UnicodeLittle" />
    <property name="env.CVSROOT" value=":ext:kherm@cbiocvs2.nci.nih.gov:/share/content/gforge/c3prv2" />
    <property name="env.CACORE_TOOLKIT_HOME" value="/Users/kherm/dev/utils/cacoresdk" />
    <property name="env.PERL5LIB" value="/sw/lib/perl5:/sw/lib/perl5/darwin" />
    <property name="sun.jnu.encoding" value="MacRoman" />
    <property name="java.runtime.name" value="Java(TM) 2 Runtime Environment, Standard Edition" />
    <property name="schema.dest" value="/Users/kherm/dev/cvsroot/c3prv2/codebase/projects/grid/C3PRStudyConsumer/build/schema" />
    <property name="lib.dir" value="lib" />
    <property name="tools.lib.dir" value="tools/lib" />
    <property name="java.specification.name" value="Java Platform API Specification" />
    <property name="test.jar.name" value="C3PRStudyConsumer-tests.jar" />
    <property name="user.timezone" value="" />
    <property name="path.separator" value=":" />
    <property name="client.jar.name" value="C3PRStudyConsumer-client.jar" />
    <property name="file.encoding" value="MacRoman" />
    <property name="jar.prefix" value="C3PRStudyConsumer" />
    <property name="junit.results.dir" value="test/logs/junit" />
    <property name="env.HOME" value="/Users/kherm" />
    <property name="introduce.soap.binding.excludes" value=" " />
    <property name="env.MANPATH" value="/sw/share/man:/usr/share/man:/Library/Java/Home/man:/sw/lib/perl5/5.8.6/man" />
    <property name="ant.file" value="/Users/kherm/dev/cvsroot/c3prv2/codebase/projects/grid/C3PRStudyConsumer/build.xml" />
    <property name="env.SGML_CATALOG_FILES" value="/sw/etc/sgml/catalog" />
    <property name="test.log.dir" value="test/logs" />
    <property name="java.io.tmpdir" value="/tmp" />
    <property name="user.language" value="en" />
    <property name="line.separator" value="
" />
    <property name="garjars.id" value="garjars" />
    <property name="java.debug" value="on" />
    <property name="ant.file.build-deploy file" value="/Users/kherm/dev/cvsroot/c3prv2/codebase/projects/grid/C3PRStudyConsumer/build-deploy.xml" />
    <property name="introduce.skeleton.service.name" value="C3PRStudyConsumer" />
    <property name="tools.dir" value="tools" />
    <property name="schema.src" value="/Users/kherm/dev/globus/share/schema" />
    <property name="java.vm.info" value="mixed mode, sharing" />
    <property name="java.vm.specification.name" value="Java Virtual Machine Specification" />
    <property name="ant.file.run-tools file" value="/Users/kherm/dev/cvsroot/c3prv2/codebase/projects/grid/C3PRStudyConsumer/run-tools.xml" />
    <property name="common.jar.name" value="C3PRStudyConsumer-common.jar" />
    <property name="env.__CF_USER_TEXT_ENCODING" value="0x1F6:0:0" />
    <property name="ant.file.Introduce Master Build File" value="/Users/kherm/dev/cvsroot/c3prv2/codebase/projects/grid/C3PRStudyConsumer/build.xml" />
    <property name="build.stubs" value="/Users/kherm/dev/globus/share/globus_wsrf_tools/build-stubs.xml" />
    <property name="introduce.skeleton.timestamp" value="1192066556719" />
    <property name="stubs.src" value="/Users/kherm/dev/cvsroot/c3prv2/codebase/projects/grid/C3PRStudyConsumer/build/stubs-C3PRStudyConsumer/src" />
    <property name="java.awt.printerjob" value="apple.awt.CPrinterJob" />
    <property name="build.dest" value="/Users/kherm/dev/cvsroot/c3prv2/codebase/projects/grid/C3PRStudyConsumer/build/classes" />
    <property name="test.build.dest" value="/Users/kherm/dev/cvsroot/c3prv2/codebase/projects/grid/C3PRStudyConsumer/build/test/classes" />
    <property name="ant.version" value="Apache Ant version 1.7.0 compiled on December 13 2006" />
    <property name="gopherProxySet" value="false" />
    <property name="os.name" value="Mac OS X" />
    <property name="java.specification.vendor" value="Sun Microsystems Inc." />
    <property name="stubs.dest" value="/Users/kherm/dev/cvsroot/c3prv2/codebase/projects/grid/C3PRStudyConsumer/build/stubs-C3PRStudyConsumer/classes" />
    <property name="env.TERM" value="xterm-color" />
    <property name="java.vm.name" value="Java HotSpot(TM) Client VM" />
    <property name="mrj.version" value="1040.1.5.0_07-164" />
    <property name="java.library.path" value=".:/Library/Java/Extensions:/System/Library/Java/Extensions:/usr/lib/java" />
    <property name="env.PATH" value="/sw/bin:/sw/sbin:/bin:/sbin:/usr/bin:/usr/sbin:/Library/Ant1.7/bin:/Library/Java/Home/bin:/Users/kherm/dev/tomcat-wsrf/bin:/Applications/Mplayer:/Users/kherm/dev/utils/maven/bin:/Users/kherm/dev/globus/bin:/Users/kherm/dev/utils/xmlbeans/bin:/usr/local/pgsql/data:/usr/local/pgsql/bin" />
    <property name="ant.file.developers-build-deploy file" value="/Users/kherm/dev/cvsroot/c3prv2/codebase/projects/grid/C3PRStudyConsumer/dev-build-deploy.xml" />
    <property name="env.JDK_HOME" value="/Library/Java/Home" />
    <property name="ant.java.version" value="1.5" />
    <property name="env.PGDATA" value="/usr/local/pgsql/data" />
    <property name="env.INFOPATH" value="/sw/share/info:/sw/info:/usr/share/info" />
    <property name="basedir" value="/Users/kherm/dev/cvsroot/c3prv2/codebase/projects/grid/C3PRStudyConsumer" />
    <property name="java.class.version" value="49.0" />
    <property name="env.SHLVL" value="1" />
    <property name="ext.lib.dir" value="ext/lib" />
    <property name="env.XMLBEANS_HOME" value="/Users/kherm/dev/utils/xmlbeans" />
    <property name="ant.home" value="/Library/Ant1.7" />
    <property name="introduce.skeleton.services.list" value="C3PRStudyConsumer" />
    <property name="env.JBOSS_HOME" value="/Users/kherm/dev/jboss" />
    <property name="ext.test.lib.dir" value="ext/test/lib" />
    <property name="build.packages" value="/Users/kherm/dev/globus/share/globus_wsrf_common/build-packages.xml" />
    <property name="sun.boot.library.path" value="/System/Library/Frameworks/JavaVM.framework/Versions/1.5.0/Libraries" />
    <property name="build.dir" value="/Users/kherm/dev/cvsroot/c3prv2/codebase/projects/grid/C3PRStudyConsumer/build" />
    <property name="env.JPDA_ADDRESS" value="8000" />
    <property name="sun.management.compiler" value="HotSpot Client Compiler" />
    <property name="java.awt.graphicsenv" value="apple.awt.CGraphicsEnvironment" />
    <property name="stubs.jar.name" value="C3PRStudyConsumer-stubs.jar" />
    <property name="env.USER" value="kherm" />
    <property name="env.TERM_PROGRAM" value="Apple_Terminal" />
    <property name="ext.test.dir" value="ext/test" />
    <property name="ant.project.name" value="Introduce Master Build File" />
    <property name="schema.dir" value="schema" />
    <property name="GT4.ns.excludes" value="-x http://docs.oasis-open.org/wsrf/2004/06/wsrf-WS-BaseFaults-1.2-draft-01.xsd -x http://docs.oasis-open.org/wsrf/2004/06/wsrf-WS-BaseFaults-1.2-draft-01.wsdl -x http://docs.oasis-open.org/wsrf/2004/06/wsrf-WS-ResourceLifetime-1.2-draft-01.xsd -x http://docs.oasis-open.org/wsrf/2004/06/wsrf-WS-ResourceLifetime-1.2-draft-01.wsdl -x http://docs.oasis-open.org/wsrf/2004/06/wsrf-WS-ResourceProperties-1.2-draft-01.xsd -x http://docs.oasis-open.org/wsrf/2004/06/wsrf-WS-ResourceProperties-1.2-draft-01.wsdl -x http://docs.oasis-open.org/wsrf/2004/06/wsrf-WS-ServiceGroup-1.2-draft-01.xsd -x http://docs.oasis-open.org/wsrf/2004/06/wsrf-WS-ServiceGroup-1.2-draft-01.wsdl -x http://docs.oasis-open.org/wsn/2004/06/wsn-WS-BaseNotification-1.2-draft-01.xsd -x http://docs.oasis-open.org/wsn/2004/06/wsn-WS-BaseNotification-1.2-draft-01.wsdl -x http://schemas.xmlsoap.org/ws/2004/04/trust -x http://schemas.xmlsoap.org/ws/2002/12/policy -x http://schemas.xmlsoap.org/ws/2002/07/utility -x http://schemas.xmlsoap.org/ws/2004/04/sc -x http://docs.oasis-open.org/wss/2004/01/oasis-200401-wss-wssecurity-secext-1.0.xsd -x http://www.w3.org/2000/09/xmldsig# -x http://docs.oasis-open.org/wss/2004/01/oasis-200401-wss-wssecurity-utility-1.0.xsd -x http://schemas.xmlsoap.org/ws/2004/09/enumeration" />
    <property name="introduce.skeleton.destination.dir" value="/Users/kherm/dev/cvsroot/c3prv2/codebase/projects/grid/C3PRStudyConsumer" />
    <property name="java.vm.specification.version" value="1.0" />
    <property name="env.GLOBUS_LOCATION" value="/Users/kherm/dev/globus" />
    <property name="awt.toolkit" value="apple.awt.CToolkit" />
    <property name="introduce.skeleton.extensions" value="cagrid_metadata" />
    <property name="build.lib.dir" value="/Users/kherm/dev/cvsroot/c3prv2/codebase/projects/grid/C3PRStudyConsumer/build/lib" />
    <property name="env.MAVEN_HOME" value="/Users/kherm/dev/utils/maven" />
    <property name="sun.cpu.isalist" value="" />
    <property name="java.ext.dirs" value="/Library/Java/Extensions:/System/Library/Java/Extensions:/System/Library/Frameworks/JavaVM.framework/Versions/1.5.0/Home/lib/ext" />
    <property name="garschema.id" value="garschema" />
    <property name="os.version" value="10.4.10" />
    <property name="user.home" value="/Users/kherm" />
    <property name="java.vm.vendor" value="&quot;Apple Computer, Inc.&quot;" />
    <property name="mappings.file" value="/Users/kherm/dev/cvsroot/c3prv2/codebase/projects/grid/C3PRStudyConsumer/namespace2package.mappings" />
    <property name="garetc.id" value="garetc" />
    <property name="env.JAVA_HOME" value="/Library/Java/Home" />
    <property name="stubs.dir" value="/Users/kherm/dev/cvsroot/c3prv2/codebase/projects/grid/C3PRStudyConsumer/build/stubs-C3PRStudyConsumer" />
    <property name="user.dir" value="/Users/kherm/dev/cvsroot/c3prv2/codebase/projects/grid/C3PRStudyConsumer" />
    <property name="schema.path" value="C3PRStudyConsumer" />
    <property name="env.PWD" value="/Users/kherm/dev/cvsroot/c3prv2/codebase/projects/grid/C3PRStudyConsumer" />
    <property name="test.dir" value="test" />
    <property name="tomcat.dir" value="/Users/kherm/dev/tomcat-wsrf" />
    <property name="sun.cpu.endian" value="little" />
    <property name="java.vm.version" value="1.5.0_07-87" />
    <property name="java.class.path" value="/Users/kherm/dev/cvsroot/c3prv2/codebase/projects/grid/C3PRStudyConsumer/build/test/classes:/Users/kherm/dev/cvsroot/c3prv2/codebase/projects/grid/C3PRStudyConsumer/build/classes:/Users/kherm/dev/cvsroot/c3prv2/codebase/projects/grid/C3PRStudyConsumer/lib/caGrid-1.1-Introduce-1.1-serviceTools.jar:/Users/kherm/dev/cvsroot/c3prv2/codebase/projects/grid/C3PRStudyConsumer/lib/caGrid-1.1-ServiceSecurityProvider-client.jar:/Users/kherm/dev/cvsroot/c3prv2/codebase/projects/grid/C3PRStudyConsumer/lib/caGrid-1.1-ServiceSecurityProvider-common.jar:/Users/kherm/dev/cvsroot/c3prv2/codebase/projects/grid/C3PRStudyConsumer/lib/caGrid-1.1-ServiceSecurityProvider-service.jar:/Users/kherm/dev/cvsroot/c3prv2/codebase/projects/grid/C3PRStudyConsumer/lib/caGrid-1.1-ServiceSecurityProvider-stubs.jar:/Users/kherm/dev/cvsroot/c3prv2/codebase/projects/grid/C3PRStudyConsumer/lib/caGrid-1.1-advertisement.jar:/Users/kherm/dev/cvsroot/c3prv2/codebase/projects/grid/C3PRStudyConsumer/lib/caGrid-1.1-core.jar:/Users/kherm/dev/cvsroot/c3prv2/codebase/projects/grid/C3PRStudyConsumer/lib/caGrid-1.1-metadata-common.jar:/Users/kherm/dev/cvsroot/c3prv2/codebase/projects/grid/C3PRStudyConsumer/lib/caGrid-1.1-metadata-data.jar:/Users/kherm/dev/cvsroot/c3prv2/codebase/projects/grid/C3PRStudyConsumer/lib/caGrid-1.1-metadata-security.jar:/Users/kherm/dev/cvsroot/c3prv2/codebase/projects/grid/C3PRStudyConsumer/lib/caGrid-1.1-metadataUtils.jar:/Users/kherm/dev/cvsroot/c3prv2/codebase/projects/grid/C3PRStudyConsumer/lib/castor-0.9.9.jar:/Users/kherm/dev/cvsroot/c3prv2/codebase/projects/grid/C3PRStudyConsumer/lib/globus_wsrf_mds_aggregator.jar:/Users/kherm/dev/cvsroot/c3prv2/codebase/projects/grid/C3PRStudyConsumer/lib/globus_wsrf_mds_aggregator_stubs.jar:/Users/kherm/dev/cvsroot/c3prv2/codebase/projects/grid/C3PRStudyConsumer/lib/globus_wsrf_servicegroup.jar:/Users/kherm/dev/cvsroot/c3prv2/codebase/projects/grid/C3PRStudyConsumer/lib/globus_wsrf_servicegroup_stubs.jar:/Users/kherm/dev/cvsroot/c3prv2/codebase/projects/grid/C3PRStudyConsumer/lib/jdom-1.0.jar:/Users/kherm/dev/cvsroot/c3prv2/codebase/projects/grid/C3PRStudyConsumer/lib/mobius_common_client-1.1.jar:/Users/kherm/dev/cvsroot/c3prv2/codebase/projects/grid/C3PRStudyConsumer/lib/mobius_factories-1.1.jar:/Users/kherm/dev/cvsroot/c3prv2/codebase/projects/grid/C3PRStudyConsumer/lib/mobius_gme_client-1.1.jar:/Users/kherm/dev/cvsroot/c3prv2/codebase/projects/grid/C3PRStudyConsumer/lib/mobius_mako_client-1.1.jar:/Users/kherm/dev/cvsroot/c3prv2/codebase/projects/grid/C3PRStudyConsumer/lib/mobius_tools-1.1.jar:/Users/kherm/dev/globus/lib/addressing-1.0.jar:/Users/kherm/dev/globus/lib/axis-url.jar:/Users/kherm/dev/globus/lib/axis.jar:/Users/kherm/dev/globus/lib/bootstrap.jar:/Users/kherm/dev/globus/lib/cog-axis.jar:/Users/kherm/dev/globus/lib/cog-jglobus.jar:/Users/kherm/dev/globus/lib/cog-tomcat.jar:/Users/kherm/dev/globus/lib/cog-url.jar:/Users/kherm/dev/globus/lib/commonj.jar:/Users/kherm/dev/globus/lib/commons-beanutils.jar:/Users/kherm/dev/globus/lib/commons-cli-2.0.jar:/Users/kherm/dev/globus/lib/commons-collections-3.0.jar:/Users/kherm/dev/globus/lib/commons-digester.jar:/Users/kherm/dev/globus/lib/commons-discovery.jar:/Users/kherm/dev/globus/lib/commons-logging.jar:/Users/kherm/dev/globus/lib/concurrent.jar:/Users/kherm/dev/globus/lib/cryptix-asn1.jar:/Users/kherm/dev/globus/lib/cryptix.jar:/Users/kherm/dev/globus/lib/cryptix32.jar:/Users/kherm/dev/globus/lib/globus_transfer_service.jar:/Users/kherm/dev/globus/lib/globus_transfer_stubs_java.jar:/Users/kherm/dev/globus/lib/globus_transfer_test.jar:/Users/kherm/dev/globus/lib/globus_usage_core.jar:/Users/kherm/dev/globus/lib/globus_usage_packets_common.jar:/Users/kherm/dev/globus/lib/globus_wsrf_tools_test.jar:/Users/kherm/dev/globus/lib/jaxrpc.jar:/Users/kherm/dev/globus/lib/jce-jdk13-125.jar:/Users/kherm/dev/globus/lib/jgss.jar:/Users/kherm/dev/globus/lib/junit.jar:/Users/kherm/dev/globus/lib/log4j-1.2.8.jar:/Users/kherm/dev/globus/lib/naming-common.jar:/Users/kherm/dev/globus/lib/naming-factory.jar:/Users/kherm/dev/globus/lib/naming-java.jar:/Users/kherm/dev/globus/lib/naming-resources.jar:/Users/kherm/dev/globus/lib/opensaml.jar:/Users/kherm/dev/globus/lib/puretls.jar:/Users/kherm/dev/globus/lib/resolver.jar:/Users/kherm/dev/globus/lib/saaj.jar:/Users/kherm/dev/globus/lib/wsdl4j.jar:/Users/kherm/dev/globus/lib/wsrf_common.jar:/Users/kherm/dev/globus/lib/wsrf_core.jar:/Users/kherm/dev/globus/lib/wsrf_core_registry.jar:/Users/kherm/dev/globus/lib/wsrf_core_registry_stubs.jar:/Users/kherm/dev/globus/lib/wsrf_core_samples_authzService.jar:/Users/kherm/dev/globus/lib/wsrf_core_samples_authzService_stubs.jar:/Users/kherm/dev/globus/lib/wsrf_core_samples_counter.jar:/Users/kherm/dev/globus/lib/wsrf_core_samples_counter_stubs.jar:/Users/kherm/dev/globus/lib/wsrf_core_samples_mgmt.jar:/Users/kherm/dev/globus/lib/wsrf_core_samples_mgmt_stubs.jar:/Users/kherm/dev/globus/lib/wsrf_core_stubs.jar:/Users/kherm/dev/globus/lib/wsrf_provider_jce.jar:/Users/kherm/dev/globus/lib/wsrf_test.jar:/Users/kherm/dev/globus/lib/wsrf_test_interop.jar:/Users/kherm/dev/globus/lib/wsrf_test_interop_stubs.jar:/Users/kherm/dev/globus/lib/wsrf_test_unit.jar:/Users/kherm/dev/globus/lib/wsrf_test_unit_stubs.jar:/Users/kherm/dev/globus/lib/wsrf_tools.jar:/Users/kherm/dev/globus/lib/wss4j.jar:/Users/kherm/dev/globus/lib/xalan.jar:/Users/kherm/dev/globus/lib/xercesImpl.jar:/Users/kherm/dev/globus/lib/xml-apis.jar:/Users/kherm/dev/globus/lib/xmlsec.jar:/Users/kherm/dev/cvsroot/c3prv2/codebase/projects/grid/C3PRStudyConsumer/ext/lib/acegi-csm-0.3.jar:/Users/kherm/dev/cvsroot/c3prv2/codebase/projects/grid/C3PRStudyConsumer/ext/lib/acegi-security-1.0.3.jar:/Users/kherm/dev/cvsroot/c3prv2/codebase/projects/grid/C3PRStudyConsumer/ext/lib/acegi-security-cas-1.0.3.jar:/Users/kherm/dev/cvsroot/c3prv2/codebase/projects/grid/C3PRStudyConsumer/ext/lib/acegi-security-tiger-1.0.3.jar:/Users/kherm/dev/cvsroot/c3prv2/codebase/projects/grid/C3PRStudyConsumer/ext/lib/activation-1.0.2.jar:/Users/kherm/dev/cvsroot/c3prv2/codebase/projects/grid/C3PRStudyConsumer/ext/lib/activeio-core-3.0-beta4.jar:/Users/kherm/dev/cvsroot/c3prv2/codebase/projects/grid/C3PRStudyConsumer/ext/lib/activemq-core-4.0.2.jar:/Users/kherm/dev/cvsroot/c3prv2/codebase/projects/grid/C3PRStudyConsumer/ext/lib/antlr-2.7.6.jar:/Users/kherm/dev/cvsroot/c3prv2/codebase/projects/grid/C3PRStudyConsumer/ext/lib/aopalliance.jar:/Users/kherm/dev/cvsroot/c3prv2/codebase/projects/grid/C3PRStudyConsumer/ext/lib/asm-2.2.3.jar:/Users/kherm/dev/cvsroot/c3prv2/codebase/projects/grid/C3PRStudyConsumer/ext/lib/asm-commons-2.2.3.jar:/Users/kherm/dev/cvsroot/c3prv2/codebase/projects/grid/C3PRStudyConsumer/ext/lib/asm-util-2.2.3.jar:/Users/kherm/dev/cvsroot/c3prv2/codebase/projects/grid/C3PRStudyConsumer/ext/lib/aspectjrt-1.5.3.jar:/Users/kherm/dev/cvsroot/c3prv2/codebase/projects/grid/C3PRStudyConsumer/ext/lib/aspectjtools.jar:/Users/kherm/dev/cvsroot/c3prv2/codebase/projects/grid/C3PRStudyConsumer/ext/lib/aspectjweaver-1.5.3.jar:/Users/kherm/dev/cvsroot/c3prv2/codebase/projects/grid/C3PRStudyConsumer/ext/lib/avalon-framework-cvs-20020806.jar:/Users/kherm/dev/cvsroot/c3prv2/codebase/projects/grid/C3PRStudyConsumer/ext/lib/backport-util-concurrent-2.1.jar:/Users/kherm/dev/cvsroot/c3prv2/codebase/projects/grid/C3PRStudyConsumer/ext/lib/c3p0-0.8.5.2.jar:/Users/kherm/dev/cvsroot/c3prv2/codebase/projects/grid/C3PRStudyConsumer/ext/lib/c3pr-2.0-core-1.0.jar:/Users/kherm/dev/cvsroot/c3prv2/codebase/projects/grid/C3PRStudyConsumer/ext/lib/c3pr-2.0-esb-client-1.0.jar:/Users/kherm/dev/cvsroot/c3prv2/codebase/projects/grid/C3PRStudyConsumer/ext/lib/castor-1.1.2.1.jar:/Users/kherm/dev/cvsroot/c3prv2/codebase/projects/grid/C3PRStudyConsumer/ext/lib/cglib-nodep-2.1_3.jar:/Users/kherm/dev/cvsroot/c3prv2/codebase/projects/grid/C3PRStudyConsumer/ext/lib/client.jar:/Users/kherm/dev/cvsroot/c3prv2/codebase/projects/grid/C3PRStudyConsumer/ext/lib/clm-3.2.1-ctms00.jar:/Users/kherm/dev/cvsroot/c3prv2/codebase/projects/grid/C3PRStudyConsumer/ext/lib/collections-generic-4.01.jar:/Users/kherm/dev/cvsroot/c3prv2/codebase/projects/grid/C3PRStudyConsumer/ext/lib/commons-beanutils-1.7.0.jar:/Users/kherm/dev/cvsroot/c3prv2/codebase/projects/grid/C3PRStudyConsumer/ext/lib/commons-collections-3.1.jar:/Users/kherm/dev/cvsroot/c3prv2/codebase/projects/grid/C3PRStudyConsumer/ext/lib/commons-collections-3.2.jar:/Users/kherm/dev/cvsroot/c3prv2/codebase/projects/grid/C3PRStudyConsumer/ext/lib/commons-dbcp-1.2.1.jar:/Users/kherm/dev/cvsroot/c3prv2/codebase/projects/grid/C3PRStudyConsumer/ext/lib/commons-io-1.3.1.jar:/Users/kherm/dev/cvsroot/c3prv2/codebase/projects/grid/C3PRStudyConsumer/ext/lib/commons-lang-2.1.jar:/Users/kherm/dev/cvsroot/c3prv2/codebase/projects/grid/C3PRStudyConsumer/ext/lib/commons-logging.jar:/Users/kherm/dev/cvsroot/c3prv2/codebase/projects/grid/C3PRStudyConsumer/ext/lib/commons-pool-1.2.jar:/Users/kherm/dev/cvsroot/c3prv2/codebase/projects/grid/C3PRStudyConsumer/ext/lib/csmapi-3.2.1-ctms00.jar:/Users/kherm/dev/cvsroot/c3prv2/codebase/projects/grid/C3PRStudyConsumer/ext/lib/ctms-commons-base-0.3.jar:/Users/kherm/dev/cvsroot/c3prv2/codebase/projects/grid/C3PRStudyConsumer/ext/lib/ctms-commons-core-0.3.jar:/Users/kherm/dev/cvsroot/c3prv2/codebase/projects/grid/C3PRStudyConsumer/ext/lib/ctms-commons-lang-0.3.jar:/Users/kherm/dev/cvsroot/c3prv2/codebase/projects/grid/C3PRStudyConsumer/ext/lib/ctms-commons-web-0.3.jar:/Users/kherm/dev/cvsroot/c3prv2/codebase/projects/grid/C3PRStudyConsumer/ext/lib/dom4j-1.6.1.jar:/Users/kherm/dev/cvsroot/c3prv2/codebase/projects/grid/C3PRStudyConsumer/ext/lib/ehcache-1.2.3.jar:/Users/kherm/dev/cvsroot/c3prv2/codebase/projects/grid/C3PRStudyConsumer/ext/lib/ejb3-persistence.jar:/Users/kherm/dev/cvsroot/c3prv2/codebase/projects/grid/C3PRStudyConsumer/ext/lib/fop.jar:/Users/kherm/dev/cvsroot/c3prv2/codebase/projects/grid/C3PRStudyConsumer/ext/lib/handle.jar:/Users/kherm/dev/cvsroot/c3prv2/codebase/projects/grid/C3PRStudyConsumer/ext/lib/handlerservice.jar:/Users/kherm/dev/cvsroot/c3prv2/codebase/projects/grid/C3PRStudyConsumer/ext/lib/hibernate-annotations.jar:/Users/kherm/dev/cvsroot/c3prv2/codebase/projects/grid/C3PRStudyConsumer/ext/lib/hibernate3.2.1.jar:/Users/kherm/dev/cvsroot/c3prv2/codebase/projects/grid/C3PRStudyConsumer/ext/lib/jakarta-oro-2.0.8.jar:/Users/kherm/dev/cvsroot/c3prv2/codebase/projects/grid/C3PRStudyConsumer/ext/lib/jboss-j2ee-4.0.5.jar:/Users/kherm/dev/cvsroot/c3prv2/codebase/projects/grid/C3PRStudyConsumer/ext/lib/jboss-jsr77.jar:/Users/kherm/dev/cvsroot/c3prv2/codebase/projects/grid/C3PRStudyConsumer/ext/lib/jdom.jar:/Users/kherm/dev/cvsroot/c3prv2/codebase/projects/grid/C3PRStudyConsumer/ext/lib/jstl.jar:/Users/kherm/dev/cvsroot/c3prv2/codebase/projects/grid/C3PRStudyConsumer/ext/lib/jta.jar:/Users/kherm/dev/cvsroot/c3prv2/codebase/projects/grid/C3PRStudyConsumer/ext/lib/log4j-1.2.13.jar:/Users/kherm/dev/cvsroot/c3prv2/codebase/projects/grid/C3PRStudyConsumer/ext/lib/mail-1.3.2.jar:/Users/kherm/dev/cvsroot/c3prv2/codebase/projects/grid/C3PRStudyConsumer/ext/lib/northwestern-core-commons.jar:/Users/kherm/dev/cvsroot/c3prv2/codebase/projects/grid/C3PRStudyConsumer/ext/lib/ojdbc14.jar:/Users/kherm/dev/cvsroot/c3prv2/codebase/projects/grid/C3PRStudyConsumer/ext/lib/postgresql-8.1-407.jdbc3.jar:/Users/kherm/dev/cvsroot/c3prv2/codebase/projects/grid/C3PRStudyConsumer/ext/lib/spring-aspects.jar:/Users/kherm/dev/cvsroot/c3prv2/codebase/projects/grid/C3PRStudyConsumer/ext/lib/spring.jar:/Users/kherm/dev/cvsroot/c3prv2/codebase/projects/grid/C3PRStudyConsumer/ext/lib/standard.jar:/Users/kherm/dev/cvsroot/c3prv2/codebase/projects/grid/C3PRStudyConsumer/ext/lib/xbean-spring-2.7.jar:/Users/kherm/dev/cvsroot/c3prv2/codebase/projects/grid/C3PRStudyConsumer/ext/lib/xerces-2.6.2.jar:/Users/kherm/dev/cvsroot/c3prv2/codebase/projects/grid/C3PRStudyConsumer/ext/lib/xercesImpl.jar:/Users/kherm/dev/cvsroot/c3prv2/codebase/projects/grid/C3PRStudyConsumer/ext/test/lib/c3pr-2.0-core-tests-1.0.jar:/Users/kherm/dev/cvsroot/c3prv2/codebase/projects/grid/C3PRStudyConsumer/ext/test/lib/catrip-test-report-1.0.jar:/Users/kherm/dev/cvsroot/c3prv2/codebase/projects/grid/C3PRStudyConsumer/ext/test/lib/core-commons-testing.jar:/Users/kherm/dev/cvsroot/c3prv2/codebase/projects/grid/C3PRStudyConsumer/ext/test/lib/dbunit-2.1.jar:/Users/kherm/dev/cvsroot/c3prv2/codebase/projects/grid/C3PRStudyConsumer/ext/test/lib/easymock.jar:/Users/kherm/dev/cvsroot/c3prv2/codebase/projects/grid/C3PRStudyConsumer/ext/test/lib/easymockclassextension.jar:/Users/kherm/dev/cvsroot/c3prv2/codebase/projects/grid/C3PRStudyConsumer/ext/test/lib/hsqldb.jar:/Users/kherm/dev/cvsroot/c3prv2/codebase/projects/grid/C3PRStudyConsumer/ext/test/lib/junit-3.8.1.jar:/Users/kherm/dev/cvsroot/c3prv2/codebase/projects/grid/C3PRStudyConsumer/ext/test/lib/servlet-api.jar:/Users/kherm/dev/cvsroot/c3prv2/codebase/projects/grid/C3PRStudyConsumer/ext/test/lib/spring-mock.jar:/Users/kherm/dev/cvsroot/c3prv2/codebase/projects/grid/C3PRStudyConsumer/test/resources:/Library/Ant1.7/lib/ant-launcher.jar:/Library/Ant1.7/lib/ant.jar:/Library/Ant1.7/lib/ant-junit.jar:/System/Library/Frameworks/JavaVM.framework/Versions/1.5.0/Classes/.compatibility/14compatibility.jar" />
    <property name="ant.library.dir" value="/Library/Ant1.7/lib" />
    <property name="os.arch" value="i386" />
    <property name="ant.core.lib" value="/Library/Ant1.7/lib/ant.jar" />
    <property name="java.vm.specification.vendor" value="Sun Microsystems Inc." />
    <property name="file.separator" value="/" />
    <property name="java.runtime.version" value="1.5.0_07-164" />
    <property name="sun.boot.class.path" value="/System/Library/Frameworks/JavaVM.framework/Versions/1.5.0/Classes/classes.jar:/System/Library/Frameworks/JavaVM.framework/Versions/1.5.0/Classes/ui.jar:/System/Library/Frameworks/JavaVM.framework/Versions/1.5.0/Classes/laf.jar:/System/Library/Frameworks/JavaVM.framework/Versions/1.5.0/Classes/sunrsasign.jar:/System/Library/Frameworks/JavaVM.framework/Versions/1.5.0/Classes/jsse.jar:/System/Library/Frameworks/JavaVM.framework/Versions/1.5.0/Classes/jce.jar:/System/Library/Frameworks/JavaVM.framework/Versions/1.5.0/Classes/charsets.jar" />
    <property name="env.ANT_HOME" value="/Library/Ant1.7" />
    <property name="user.country" value="US" />
    <property name="etc.dir" value="etc" />
    <property name="env.SHELL" value="/bin/bash" />
    <property name="service.jar.name" value="C3PRStudyConsumer-service.jar" />
    <property name="env.XML_CATALOG_FILES" value="/sw/etc/xml/catalog" />
    <property name="service.name" value="C3PRStudyConsumer" />
    <property name="java.vendor" value="Apple Computer, Inc." />
    <property name="awt.nativeDoubleBuffering" value="true" />
    <property name="env.CATALINA_HOME" value="/Users/kherm/dev/tomcat-wsrf" />
    <property name="java.specification.version" value="1.5" />
    <property name="jboss.dir" value="/Users/kherm/dev/jboss" />
    <property name="sun.arch.data.model" value="32" />
  </properties>
  <testcase classname="edu.duke.cabig.c3pr.grid.C3PRStudyConsumerImplTest" name="testCreateOrUpdateStudy" time="1.015" />
  <system-out><![CDATA[Received study with gridId testStudyGridId
]]></system-out>
  <system-err><![CDATA[]]></system-err>
</testsuite>
