<?xml version="1.0" encoding="UTF-8"?>
<!--
  Copyright Duke Comprehensive Cancer Center and SemanticBits
   
     Distributed under the OSI-approved BSD 3-Clause License.
     See  https://github.com/NCIP/c3pr/LICENSE.txt for details.
-->
<message xmlns="gme://ccts.cabig/1.0/gov.nih.nci.cabig.ccts.domain">
	<study>
		<blindedIndicator>false</blindedIndicator>
		<multiInstitutionIndicator>false</multiInstitutionIndicator>
		<randomizedIndicator>false</randomizedIndicator>
		<shortTitleText>ShortTitleText10</shortTitleText>
		<longTitleText>LongTitleText11</longTitleText>
		<precisText>Study with randomization</precisText>
		<phaseCode>PhaseCode1</phaseCode>
		<coordinatingCenterStudyStatus>OPEN</coordinatingCenterStudyStatus>
		<type>Type</type>
		<targetAccrualNumber>500</targetAccrualNumber>
		<identifier xmlns:xsi="http://www.w3.org/2001/XMLSchema-instance"
			xsi:type="OrganizationAssignedIdentifierType">
			<value>cocenter id</value>
			<primaryIndicator>false</primaryIndicator>
			<healthcareSite xsi:type="LocalHealthcareSiteType">
				<address />
				<identifier xsi:type="OrganizationAssignedIdentifierType">
					<value>site_ctep_id</value>
					<primaryIndicator>true</primaryIndicator>
					<type>CTEP</type>
				</identifier>
			</healthcareSite>
			<type>COORDINATING_CENTER_IDENTIFIER</type>
		</identifier>
		<identifier xmlns:xsi="http://www.w3.org/2001/XMLSchema-instance"
			xsi:type="OrganizationAssignedIdentifierType">
			<value>funding sponsor id</value>
			<primaryIndicator>false</primaryIndicator>
			<healthcareSite xsi:type="LocalHealthcareSiteType">
				<address />
				<identifier xsi:type="OrganizationAssignedIdentifierType">
					<value>site_ctep_id</value>
					<primaryIndicator>true</primaryIndicator>
					<type>CTEP</type>
				</identifier>
			</healthcareSite>
			<type>PROTOCOL_AUTHORITY_IDENTIFIER</type>
		</identifier>
		<epoch>
			<name>epoch1</name>
			<type>SCREENING</type>
			<enrollmentIndicator>true</enrollmentIndicator>
			<arm>
				<name>A</name>
			</arm>
		</epoch>
		<epoch>
			<name>epoch2</name>
			<type>SCREENING</type>
			<enrollmentIndicator>true</enrollmentIndicator>
		</epoch>
		<studyOrganization xmlns:xsi="http://www.w3.org/2001/XMLSchema-instance"
			xsi:type="StudySiteType">
			<healthcareSite xsi:type="RemoteHealthcareSiteType">
				<address />
				<identifier xsi:type="OrganizationAssignedIdentifierType">
					<value>remote_ctep_id</value>
					<primaryIndicator>true</primaryIndicator>
					<type>CTEP</type>
				</identifier>
				<externalId>external_id</externalId>
			</healthcareSite>
			<siteStudyStatus>PENDING</siteStudyStatus>
			<irbApprovalDate>2009-08-14</irbApprovalDate>
		</studyOrganization>
	</study>
	<identifier xmlns:xsi="http://www.w3.org/2001/XMLSchema-instance"
		xsi:type="OrganizationAssignedIdentifierType">
		<value>funding sponsor id</value>
		<primaryIndicator>false</primaryIndicator>
		<healthcareSite xsi:type="LocalHealthcareSiteType">
			<address />
			<identifier xsi:type="OrganizationAssignedIdentifierType">
				<value>site_ctep_id</value>
				<primaryIndicator>true</primaryIndicator>
				<type>CTEP</type>
			</identifier>
		</healthcareSite>
		<type>PROTOCOL_AUTHORITY_IDENTIFIER</type>
	</identifier>
	<studyOrganization xmlns:xsi="http://www.w3.org/2001/XMLSchema-instance"
		xsi:type="StudySiteType">
		<healthcareSite xsi:type="RemoteHealthcareSiteType">
			<address />
			<identifier xsi:type="OrganizationAssignedIdentifierType">
				<value>remote_ctep_id</value>
				<primaryIndicator>true</primaryIndicator>
				<type>CTEP</type>
			</identifier>
			<externalId>external_id</externalId>
		</healthcareSite>
		<siteStudyStatus>PENDING</siteStudyStatus>
		<irbApprovalDate>2009-08-14</irbApprovalDate>
	</studyOrganization>
	<studyInvestigator>
		<roleCode>role1</roleCode>
		<statusCode>AC</statusCode>
		<startDate>0006-06-23</startDate>
		<endDate>0006-06-23</endDate>
		<healthcareSiteInvestigator>
			<investigator xmlns:xsi="http://www.w3.org/2001/XMLSchema-instance" xsi:type="LocalInvestigatorType">
				<assignedIdentifier>bill</assignedIdentifier>
				<firstName>first</firstName>
				<lastName>last</lastName>
				<email>abc@xyz.com</email>
				<phoneNumber>1112223333</phoneNumber>
				<faxNumber>1112223333</faxNumber>
			</investigator>
		</healthcareSiteInvestigator>
	</studyInvestigator>
	<healthcareSite xmlns:xsi="http://www.w3.org/2001/XMLSchema-instance" xsi:type="LocalHealthcareSiteType">
			<address/>
			<identifier xsi:type="OrganizationAssignedIdentifierType">
				<value>site_ctep_id</value>
				<primaryIndicator>true</primaryIndicator>
				<type>CTEP</type>
			</identifier>
		</healthcareSite>
</message>
